
-----------------------------------------------------------=

Program Started . . .
Initializing Environment . . .
Current System: Linux
directory split: /
Initializing Completed! in 0.002

============================================================

Processing File: test.xlsx . . .

-----------------------------------------------------------=

Processing get_clause_cols . . .
end_of_row: 21
get_clause_cols Completed! in 0.000

-----------------------------------------------------------=


-----------------------------------------------------------=

Processing splt_sents . . .
Gotcha! sent_len:  3 in 14
Original Whole Clause: ['(2) "수요예측 참여자"의 총 청약금이 발행금액 총액에 미달된 경우에 한하여 발행금액 총액에서 "수요예측 참여자"의 최종 청약금을 공제한 잔액을 청약일 당일 12시까지 청약 접수한 전문투자자 및 기관투자자와 일반투자자에게 배정할 수 있다.', '단, 청약자의 질적인 측면을 고려하여 "대표주관회사"가 그 배정받는 자 등을 결정할 수 있으며, 필요 시 "인수단"과 협의하여 결정할 수 있다.', '또한 "본 사채"의 배정은 금융투자협회 "무보증사채 수요예측 모범규준" 및 "대표주관회사"의 내부 지침에 근거하여 "대표주관회사"가 결정하되, 수요예측 결과에 따른 "유효수요"의 범위를 반영하여 합리적으로 결정하며, "무보증사채 수요예측 모범규준"에 따라 "본 사채" 수요예측에 참여한 투자자에 대해서는 수요예측에 참여하지 않은 청약자에 비해 우대 배정한다.']
Gotcha! sent_len:  4 in 18
Original Whole Clause: ['① 전문투자자 및 기관투자자: 수요예측에 참여한 투자자가 수요예측을 통해 배정받은 수량 외에 추가 청약을 하는 경우 추가 청약금에 대하여 100% 우선배정한다.', '우선배정 후에도 총 청약금이 발행금액 총액에 미달되는 경우 수요예측에 참여하지 않은 투자자에 대하여 청약금액에 비례하여 안분배정한다.', '이 경우 청약자별 배정금액의 십억원 미만의 금액은 절사하며 잔여금액은 최대 청약자에게 배정한다.', '단, 동순위 최대 청약자가 2인 이상인 경우에는 "대표주관회사"가 합리적으로 판단하여 배정한다.']
Gotcha! sent_len:  2 in 25
Original Whole Clause: ['(4) 상기 (1)~(3)의 방법으로 배정한 결과에도 불구하고 청약 종료일 16시까지 납부된 청약금이 "본 사채"의 권면 총액에 미달하는 경우, 각 "인수단"의 인수비율에 따라 자기 책임 하에 처리하기로 한다.', '단, 각 "인수단"의 최종 인수금액은 인수단 간 협의에 의하여 정할 수 있다.']
Gotcha! sent_len:  2 in 27
Original Whole Clause: ['(5) "본 사채"의 "인수단"은 "대표주관회사"가 납입일 당일 "본 사채"를 수요예측 및 청약의 결과를 반영하여 배정된 내역에 따라 배정할 것을 위임한다.', '"대표주관회사"는 선량한 관리자의 주의의무로 이를 수행한다.']
splt_sents Completed! in 0.001

-----------------------------------------------------------=

Processing test.xlsx is completed!

============================================================

Program Ended! in 1.677

-----------------------------------------------------------=

